Current: active threads / max count: 1 / 1
Request: /
Sending: {"start_family_id": 5003561268}
Current: active threads / max count: 1 / 1
Request: /favicon.ico
Sending: {"start_family_id": 5003561268}
Current: active threads / max count: 1 / 1
Request: /
Sending: {"start_family_id": 5003561268}
Current: active threads / max count: 1 / 1
Request: /start/6
Creating family tree with 6 generations...
Number of people  : 432
Number of families: 63
Sending: {"status":"OK"}
Current: active threads / max count: 1 / 1
Request: /
Sending: {"start_family_id": 5003561268}
Current: active threads / max count: 1 / 1
Request: /start/6
Creating family tree with 6 generations...
Number of people  : 455
Number of families: 63
Sending: {"status":"OK"}
Current: active threads / max count: 1 / 1
Request: /end
################################################################################
Total number of people  : 455
Total number of families: 63
Number of generations   : 6
Families were requested in this order:

Total number of API calls: 2
Final thread count (max count): 1
################################################################################
Sending: {"status": "OK", "people": 455, "families": 63, "api": 2, "threads": 1}
Current: active threads / max count: 1 / 1
Request: /start/6
Creating family tree with 6 generations...
Number of people  : 463
Number of families: 63
Sending: {"status":"OK"}
Current: active threads / max count: 1 / 1
Request: /end
################################################################################
Total number of people  : 463
Total number of families: 63
Number of generations   : 6
Families were requested in this order:

Total number of API calls: 2
Final thread count (max count): 1
################################################################################
Sending: {"status": "OK", "people": 463, "families": 63, "api": 2, "threads": 1}
Current: active threads / max count: 1 / 1
Request: /start/6
Creating family tree with 6 generations...
Number of people  : 478
Number of families: 63
Sending: {"status":"OK"}
Current: active threads / max count: 1 / 1
Request: /end
################################################################################
Total number of people  : 478
Total number of families: 63
Number of generations   : 6
Families were requested in this order:

Total number of API calls: 2
Final thread count (max count): 1
################################################################################
Sending: {"status": "OK", "people": 478, "families": 63, "api": 2, "threads": 1}
Current: active threads / max count: 1 / 1
Request: /
Sending: {"start_family_id": 5003561268}
Current: active threads / max count: 1 / 1
Request: /start/6
Creating family tree with 6 generations...
Number of people  : 435
Number of families: 63
Sending: {"status":"OK"}
Current: active threads / max count: 1 / 1
Request: /end
################################################################################
Total number of people  : 435
Total number of families: 63
Number of generations   : 6
Families were requested in this order:

Total number of API calls: 2
Final thread count (max count): 1
################################################################################
Sending: {"status": "OK", "people": 435, "families": 63, "api": 2, "threads": 1}
Current: active threads / max count: 1 / 1
Request: /start/6
Creating family tree with 6 generations...
Number of people  : 427
Number of families: 63
Sending: {"status":"OK"}
Current: active threads / max count: 1 / 1
Request: /end
################################################################################
Total number of people  : 427
Total number of families: 63
Number of generations   : 6
Families were requested in this order:

Total number of API calls: 2
Final thread count (max count): 1
################################################################################
Sending: {"status": "OK", "people": 427, "families": 63, "api": 2, "threads": 1}
Current: active threads / max count: 1 / 1
Request: /start/6
Creating family tree with 6 generations...
Number of people  : 399
Number of families: 63
Sending: {"status":"OK"}
Current: active threads / max count: 1 / 1
Request: /end
################################################################################
Total number of people  : 399
Total number of families: 63
Number of generations   : 6
Families were requested in this order:

Total number of API calls: 2
Final thread count (max count): 1
################################################################################
Sending: {"status": "OK", "people": 399, "families": 63, "api": 2, "threads": 1}
